<?xml version="1.0" encoding="UTF-8"?>
<!-- Generated by org.testng.reporters.JUnitXMLReporter -->
<testsuite hostname="G750" name="Command line test" tests="3" failures="0" timestamp="14 Jul 2015 03:25:53 GMT" time="0.065" errors="0">
  <testcase name="TestFirst" time="0.026" classname="first.my.SecondTest"/>
  <testcase name="TestSecond" time="0.0" classname="first.my.SecondTest"/>
  <testcase name="TestThird" time="0.001" classname="first.my.SecondTest"/>
</testsuite> <!-- Command line test -->
