<?xml version="1.0" encoding="UTF-8"?>
<testng-results skipped="0" failed="0" total="1" passed="1">
  <reporter-output>
  </reporter-output>
  <suite name="Default suite" duration-ms="78" started-at="2015-07-16T03:40:18Z" finished-at="2015-07-16T03:40:18Z">
    <groups>
      <group name="integer">
        <method signature="SampleClass.TestFirst()[pri:0, instance:first.my.SampleClass@c39f790]" name="TestFirst" class="first.my.SampleClass"/>
      </group> <!-- integer -->
    </groups>
    <test name="Default test" duration-ms="78" started-at="2015-07-16T03:40:18Z" finished-at="2015-07-16T03:40:18Z">
      <class name="first.my.SampleClass">
        <test-method status="PASS" signature="TestSecond()[pri:0, instance:first.my.SampleClass@c39f790]" name="TestSecond" is-config="true" duration-ms="31" started-at="2015-07-15T20:40:18Z" finished-at="2015-07-15T20:40:18Z">
          <reporter-output>
          </reporter-output>
        </test-method> <!-- TestSecond -->
        <test-method status="PASS" signature="TestFirst()[pri:0, instance:first.my.SampleClass@c39f790]" name="TestFirst" duration-ms="16" started-at="2015-07-15T20:40:18Z" finished-at="2015-07-15T20:40:18Z">
          <reporter-output>
          </reporter-output>
        </test-method> <!-- TestFirst -->
        <test-method status="PASS" signature="TestD()[pri:0, instance:first.my.SampleClass@c39f790]" name="TestD" is-config="true" duration-ms="0" started-at="2015-07-15T20:40:18Z" finished-at="2015-07-15T20:40:18Z">
          <reporter-output>
          </reporter-output>
        </test-method> <!-- TestD -->
        <test-method status="PASS" signature="TestF()[pri:0, instance:first.my.SampleClass@c39f790]" name="TestF" is-config="true" duration-ms="0" started-at="2015-07-15T20:40:18Z" finished-at="2015-07-15T20:40:18Z">
          <reporter-output>
          </reporter-output>
        </test-method> <!-- TestF -->
        <test-method status="PASS" signature="TestThird()[pri:0, instance:first.my.SampleClass@c39f790]" name="TestThird" is-config="true" duration-ms="0" started-at="2015-07-15T20:40:18Z" finished-at="2015-07-15T20:40:18Z">
          <reporter-output>
          </reporter-output>
        </test-method> <!-- TestThird -->
      </class> <!-- first.my.SampleClass -->
    </test> <!-- Default test -->
  </suite> <!-- Default suite -->
</testng-results>
